\BOOKMARK [0][-]{chapter*.8}{List of figures}{}% 1
\BOOKMARK [0][-]{chapter*.9}{List of tables}{}% 2
\BOOKMARK [0][-]{chapter*.9}{List of Abbreviations}{}% 3
\BOOKMARK [0][-]{chapter.1}{ Introduction}{}% 4
\BOOKMARK [0][-]{chapter.2}{ State of the Art}{}% 5
\BOOKMARK [1][-]{section.2.1}{Mesh and MANET networks}{chapter.2}% 6
\BOOKMARK [2][-]{subsection.2.1.1}{Definition and properties}{section.2.1}% 7
\BOOKMARK [2][-]{subsection.2.1.2}{Operating modes}{section.2.1}% 8
\BOOKMARK [2][-]{subsection.2.1.3}{MANET Networks}{section.2.1}% 9
\BOOKMARK [1][-]{section.2.2}{Open MANET Networks in Barcelona}{chapter.2}% 10
\BOOKMARK [2][-]{subsection.2.2.1}{Funding scheme in Barcelona's MANET networks}{section.2.2}% 11
\BOOKMARK [2][-]{subsection.2.2.2}{The Kind of hardware in Barcelona's MANET networks}{section.2.2}% 12
\BOOKMARK [2][-]{subsection.2.2.3}{The Firmware used in Barcelona's MANET networks}{section.2.2}% 13
\BOOKMARK [1][-]{section.2.3}{QMP firmware basics}{chapter.2}% 14
\BOOKMARK [2][-]{subsection.2.3.1}{Main Features}{section.2.3}% 15
\BOOKMARK [2][-]{subsection.2.3.2}{Quick Deployments}{section.2.3}% 16
\BOOKMARK [2][-]{subsection.2.3.3}{Addressing}{section.2.3}% 17
\BOOKMARK [2][-]{subsection.2.3.4}{Operating modes}{section.2.3}% 18
\BOOKMARK [2][-]{subsection.2.3.5}{DRP}{section.2.3}% 19
\BOOKMARK [2][-]{subsection.2.3.6}{BMX6}{section.2.3}% 20
\BOOKMARK [0][-]{chapter.3}{ Contribution}{}% 21
\BOOKMARK [0][-]{chapter.4}{ Results}{}% 22
\BOOKMARK [0][-]{chapter.5}{ Conclusions}{}% 23
\BOOKMARK [0][-]{chapter.6}{ Future Work}{}% 24
